-------------------------------------------------------------------------------
Test set: io.javatricks.utils.MathUtilsTest
-------------------------------------------------------------------------------
Tests run: 2, Failures: 1, Errors: 0, Skipped: 0, Time elapsed: 0.074 s <<< FAILURE! - in io.javatricks.utils.MathUtilsTest
testAdd  Time elapsed: 0.059 s  <<< FAILURE!
org.opentest4j.AssertionFailedError: The add method should add two numbers ==> expected: <2> but was: <3>
	at io.javatricks.utils.MathUtilsTest.testAdd(MathUtilsTest.java:15)

